<?xml version="1.0" encoding="utf-8"?><testsuites name="pytest tests"><testsuite name="pytest" errors="0" failures="0" skipped="0" tests="16" time="14.107" timestamp="2026-06-12T09:50:24.278086+00:00" hostname="agent-env-1ad4623e-2736-4916-8b15-2c9617a3dae4"><testcase classname="backend.tests.test_devam_iter2.TestBuildersPatch" name="test_patch_builder" time="1.546" /><testcase classname="backend.tests.test_devam_iter2.TestBuildersPatch" name="test_patch_builder_404" time="0.095" /><testcase classname="backend.tests.test_devam_iter2.TestProjectsPatchAndPublicGet" name="test_patch_project" time="0.159" /><testcase classname="backend.tests.test_devam_iter2.TestProjectsPatchAndPublicGet" name="test_get_project_public_no_auth" time="0.099" /><testcase classname="backend.tests.test_devam_iter2.TestProjectsPatchAndPublicGet" name="test_get_project_404" time="0.082" /><testcase classname="backend.tests.test_devam_iter2.TestLeadActivities" name="test_add_and_list_activities" time="4.562" /><testcase classname="backend.tests.test_devam_iter2.TestLeadActivities" name="test_delete_activity" time="0.221" /><testcase classname="backend.tests.test_devam_iter2.TestPublicLeads" name="test_create_public_lead_no_auth" time="2.454" /><testcase classname="backend.tests.test_devam_iter2.TestInventoryBulk" name="test_bulk_create" time="0.266" /><testcase classname="backend.tests.test_devam_iter2.TestInventoryBulk" name="test_bulk_invalid_project" time="0.070" /><testcase classname="backend.tests.test_devam_iter2.TestUsersRBAC" name="test_list_users_admin" time="0.089" /><testcase classname="backend.tests.test_devam_iter2.TestUsersRBAC" name="test_create_update_delete_user_flow" time="1.023" /><testcase classname="backend.tests.test_devam_iter2.TestUsersRBAC" name="test_admin_cannot_delete_self" time="0.089" /><testcase classname="backend.tests.test_devam_iter2.TestUsersRBAC" name="test_cannot_delete_seeded_admin" time="0.918" /><testcase classname="backend.tests.test_devam_iter2.TestRegression" name="test_dashboard_stats" time="0.102" /><testcase classname="backend.tests.test_devam_iter2.TestRegression" name="test_lead_create_with_ai" time="2.236" /></testsuite></testsuites>