<?xml version="1.0" encoding="utf-8"?><testsuites name="pytest tests"><testsuite name="pytest" errors="0" failures="1" skipped="0" tests="32" time="27.318" timestamp="2026-06-12T10:17:15.210658+00:00" hostname="agent-env-1ad4623e-2736-4916-8b15-2c9617a3dae4"><testcase classname="backend.tests.test_devam_crm.TestAuth" name="test_login_success" time="0.729" /><testcase classname="backend.tests.test_devam_crm.TestAuth" name="test_login_invalid" time="0.263" /><testcase classname="backend.tests.test_devam_crm.TestAuth" name="test_me_bearer" time="0.382" /><testcase classname="backend.tests.test_devam_crm.TestAuth" name="test_me_cookie" time="0.584" /><testcase classname="backend.tests.test_devam_crm.TestAuth" name="test_unauth_endpoints" time="0.698" /><testcase classname="backend.tests.test_devam_crm.TestDashboard" name="test_stats" time="0.038" /><testcase classname="backend.tests.test_devam_crm.TestProjects" name="test_list" time="0.030" /><testcase classname="backend.tests.test_devam_crm.TestProjects" name="test_crud" time="0.150" /><testcase classname="backend.tests.test_devam_crm.TestBuilders" name="test_list" time="0.069" /><testcase classname="backend.tests.test_devam_crm.TestBuilders" name="test_create_delete" time="0.145" /><testcase classname="backend.tests.test_devam_crm.TestLeads" name="test_list" time="0.033" /><testcase classname="backend.tests.test_devam_crm.TestLeads" name="test_create_with_ai_score" time="7.494" /><testcase classname="backend.tests.test_devam_crm.TestSiteVisits" name="test_crud" time="0.354" /><testcase classname="backend.tests.test_devam_crm.TestBookings" name="test_create_updates_lead_stage" time="2.588" /><testcase classname="backend.tests.test_devam_crm.TestInventory" name="test_list_filter" time="0.080"><failure message="AssertionError: Expected 80 units in Shilp Aaria, got 84&#10;assert 84 == 80&#10; +  where 84 = len([{'carpet_area': 1450, 'created_at': '2026-06-12T09:03:33.020863+00:00', 'floor': 1, 'id': '9f34f704-7e52-4a14-833a-ffce3210985e', ...}, {'carpet_area': 1450, 'created_at': '2026-06-12T09:03:33.020876+00:00', 'floor': 1, 'id': '64e907c3-403a-4cc9-bdd9-1d1f00dba1a4', ...}, {'carpet_area': 2150, 'created_at': '2026-06-12T09:03:33.020883+00:00', 'floor': 1, 'id': 'a760bf56-4e14-460d-90c9-a0e98300a1d4', ...}, {'carpet_area': 2150, 'created_at': '2026-06-12T09:03:33.020888+00:00', 'floor': 1, 'id': '0b97b70d-4561-4b3d-a81b-d7abdcb623bf', ...}, {'carpet_area': 1450, 'created_at': '2026-06-12T09:03:33.020893+00:00', 'floor': 2, 'id': '16bd73ea-f197-4834-b797-c38a973f795e', ...}, {'carpet_area': 1450, 'created_at': '2026-06-12T09:03:33.020903+00:00', 'floor': 2, 'id': '798bd14f-463f-4af3-9f9f-bc45e6b88f6a', ...}, ...])">backend/tests/test_devam_crm.py:238: in test_list_filter
    assert len(units) == 80, f"Expected 80 units in Shilp Aaria, got {len(units)}"
E   AssertionError: Expected 80 units in Shilp Aaria, got 84
E   assert 84 == 80
E    +  where 84 = len([{'carpet_area': 1450, 'created_at': '2026-06-12T09:03:33.020863+00:00', 'floor': 1, 'id': '9f34f704-7e52-4a14-833a-ffce3210985e', ...}, {'carpet_area': 1450, 'created_at': '2026-06-12T09:03:33.020876+00:00', 'floor': 1, 'id': '64e907c3-403a-4cc9-bdd9-1d1f00dba1a4', ...}, {'carpet_area': 2150, 'created_at': '2026-06-12T09:03:33.020883+00:00', 'floor': 1, 'id': 'a760bf56-4e14-460d-90c9-a0e98300a1d4', ...}, {'carpet_area': 2150, 'created_at': '2026-06-12T09:03:33.020888+00:00', 'floor': 1, 'id': '0b97b70d-4561-4b3d-a81b-d7abdcb623bf', ...}, {'carpet_area': 1450, 'created_at': '2026-06-12T09:03:33.020893+00:00', 'floor': 2, 'id': '16bd73ea-f197-4834-b797-c38a973f795e', ...}, {'carpet_area': 1450, 'created_at': '2026-06-12T09:03:33.020903+00:00', 'floor': 2, 'id': '798bd14f-463f-4af3-9f9f-bc45e6b88f6a', ...}, ...])</failure></testcase><testcase classname="backend.tests.test_devam_crm.TestInventory" name="test_crud" time="0.254" /><testcase classname="backend.tests.test_devam_iter2.TestBuildersPatch" name="test_patch_builder" time="0.660" /><testcase classname="backend.tests.test_devam_iter2.TestBuildersPatch" name="test_patch_builder_404" time="0.100" /><testcase classname="backend.tests.test_devam_iter2.TestProjectsPatchAndPublicGet" name="test_patch_project" time="0.209" /><testcase classname="backend.tests.test_devam_iter2.TestProjectsPatchAndPublicGet" name="test_get_project_public_no_auth" time="0.080" /><testcase classname="backend.tests.test_devam_iter2.TestProjectsPatchAndPublicGet" name="test_get_project_404" time="0.111" /><testcase classname="backend.tests.test_devam_iter2.TestLeadActivities" name="test_add_and_list_activities" time="4.936" /><testcase classname="backend.tests.test_devam_iter2.TestLeadActivities" name="test_delete_activity" time="0.239" /><testcase classname="backend.tests.test_devam_iter2.TestPublicLeads" name="test_create_public_lead_no_auth" time="2.542" /><testcase classname="backend.tests.test_devam_iter2.TestInventoryBulk" name="test_bulk_create" time="0.286" /><testcase classname="backend.tests.test_devam_iter2.TestInventoryBulk" name="test_bulk_invalid_project" time="0.061" /><testcase classname="backend.tests.test_devam_iter2.TestUsersRBAC" name="test_list_users_admin" time="0.068" /><testcase classname="backend.tests.test_devam_iter2.TestUsersRBAC" name="test_create_update_delete_user_flow" time="1.040" /><testcase classname="backend.tests.test_devam_iter2.TestUsersRBAC" name="test_admin_cannot_delete_self" time="0.112" /><testcase classname="backend.tests.test_devam_iter2.TestUsersRBAC" name="test_cannot_delete_seeded_admin" time="0.911" /><testcase classname="backend.tests.test_devam_iter2.TestRegression" name="test_dashboard_stats" time="0.084" /><testcase classname="backend.tests.test_devam_iter2.TestRegression" name="test_lead_create_with_ai" time="1.843" /></testsuite></testsuites>