<?xml version="1.0" encoding="utf-8"?><testsuites name="pytest tests"><testsuite name="pytest" errors="0" failures="0" skipped="0" tests="16" time="7.446" timestamp="2026-06-12T09:14:02.878701+00:00" hostname="agent-env-1ad4623e-2736-4916-8b15-2c9617a3dae4"><testcase classname="backend.tests.test_devam_crm.TestAuth" name="test_login_success" time="0.763" /><testcase classname="backend.tests.test_devam_crm.TestAuth" name="test_login_invalid" time="0.320" /><testcase classname="backend.tests.test_devam_crm.TestAuth" name="test_me_bearer" time="0.366" /><testcase classname="backend.tests.test_devam_crm.TestAuth" name="test_me_cookie" time="0.616" /><testcase classname="backend.tests.test_devam_crm.TestAuth" name="test_unauth_endpoints" time="0.745" /><testcase classname="backend.tests.test_devam_crm.TestDashboard" name="test_stats" time="0.041" /><testcase classname="backend.tests.test_devam_crm.TestProjects" name="test_list" time="0.039" /><testcase classname="backend.tests.test_devam_crm.TestProjects" name="test_crud" time="0.157" /><testcase classname="backend.tests.test_devam_crm.TestBuilders" name="test_list" time="0.076" /><testcase classname="backend.tests.test_devam_crm.TestBuilders" name="test_create_delete" time="0.151" /><testcase classname="backend.tests.test_devam_crm.TestLeads" name="test_list" time="0.035" /><testcase classname="backend.tests.test_devam_crm.TestLeads" name="test_create_with_ai_score" time="2.875" /><testcase classname="backend.tests.test_devam_crm.TestSiteVisits" name="test_crud" time="0.331" /><testcase classname="backend.tests.test_devam_crm.TestBookings" name="test_create_updates_lead_stage" time="0.481" /><testcase classname="backend.tests.test_devam_crm.TestInventory" name="test_list_filter" time="0.062" /><testcase classname="backend.tests.test_devam_crm.TestInventory" name="test_crud" time="0.248" /></testsuite></testsuites>